FindHuo/app/build/outputs/logs/manifest-merger-debug-report.txt
-- Merging decision tree log ---
manifest
ADDED from src\main\AndroidManifest.xml:2:1-176:12
	package
		ADDED from src\main\AndroidManifest.xml:3:11-48
		INJECTED from src\main\AndroidManifest.xml
		INJECTED from src\main\AndroidManifest.xml
	android:versionName
		INJECTED from src\main\AndroidManifest.xml
		INJECTED from src\main\AndroidManifest.xml
	xmlns:android
		ADDED from src\main\AndroidManifest.xml:2:11-69
	android:versionCode
		INJECTED from src\main\AndroidManifest.xml
		INJECTED from src\main\AndroidManifest.xml
uses-permission#android.permission.CALL_PHONE
ADDED from src\main\AndroidManifest.xml:5:5-68
	android:name
		ADDED from src\main\AndroidManifest.xml:5:22-66
uses-permission#android.permission.INTERNET
ADDED from src\main\AndroidManifest.xml:7:5-66
	android:name
		ADDED from src\main\AndroidManifest.xml:7:22-64
uses-permission#android.permission.WRITE_EXTERNAL_STORAGE
ADDED from src\main\AndroidManifest.xml:8:5-80
	android:name
		ADDED from src\main\AndroidManifest.xml:8:22-78
uses-permission#android.permission.ACCESS_NETWORK_STATE
ADDED from src\main\AndroidManifest.xml:9:5-78
	android:name
		ADDED from src\main\AndroidManifest.xml:9:22-76
uses-permission#android.permission.ACCESS_WIFI_STATE
ADDED from src\main\AndroidManifest.xml:10:5-75
	android:name
		ADDED from src\main\AndroidManifest.xml:10:22-73
uses-permission#android.permission.READ_PHONE_STATE
ADDED from src\main\AndroidManifest.xml:11:5-74
	android:name
		ADDED from src\main\AndroidManifest.xml:11:22-72
uses-permission#android.permission.ACCESS_COARSE_LOCATION
ADDED from src\main\AndroidManifest.xml:12:5-80
	android:name
		ADDED from src\main\AndroidManifest.xml:12:22-78
uses-permission#android.permission.ACCESS_FINE_LOCATION
ADDED from src\main\AndroidManifest.xml:15:5-78
	android:name
		ADDED from src\main\AndroidManifest.xml:15:22-76
uses-permission#android.permission.ACCESS_LOCATION_EXTRA_COMMANDS
ADDED from src\main\AndroidManifest.xml:16:5-88
	android:name
		ADDED from src\main\AndroidManifest.xml:16:22-86
uses-permission#android.permission.CHANGE_WIFI_STATE
ADDED from src\main\AndroidManifest.xml:18:5-75
	android:name
		ADDED from src\main\AndroidManifest.xml:18:22-73
uses-permission#android.permission.MOUNT_UNMOUNT_FILESYSTEMS
ADDED from src\main\AndroidManifest.xml:38:5-83
	android:name
		ADDED from src\main\AndroidManifest.xml:38:22-81
uses-permission#android.permission.VIBRATE
ADDED from src\main\AndroidManifest.xml:40:5-65
	android:name
		ADDED from src\main\AndroidManifest.xml:40:22-63
uses-permission#android.permission.RECORD_AUDIO
ADDED from src\main\AndroidManifest.xml:42:5-70
	android:name
		ADDED from src\main\AndroidManifest.xml:42:22-68
uses-permission#android.permission.CAMERA
ADDED from src\main\AndroidManifest.xml:43:5-64
	android:name
		ADDED from src\main\AndroidManifest.xml:43:22-62
uses-permission#android.permission.GET_TASKS
ADDED from src\main\AndroidManifest.xml:48:5-67
	android:name
		ADDED from src\main\AndroidManifest.xml:48:22-65
uses-permission#android.permission.WAKE_LOCK
ADDED from src\main\AndroidManifest.xml:51:5-67
	android:name
		ADDED from src\main\AndroidManifest.xml:51:22-65
uses-permission#android.permission.MODIFY_AUDIO_SETTINGS
ADDED from src\main\AndroidManifest.xml:52:5-79
	android:name
		ADDED from src\main\AndroidManifest.xml:52:22-77
uses-permission#android.permission.RECEIVE_BOOT_COMPLETED
ADDED from src\main\AndroidManifest.xml:54:5-80
	android:name
		ADDED from src\main\AndroidManifest.xml:54:22-78
application
ADDED from src\main\AndroidManifest.xml:56:5-174:19
MERGED from [com.android.support:design:25.1.0] AndroidManifest.xml:25:5-20
MERGED from [com.android.support:support-v4:25.1.0] AndroidManifest.xml:25:5-20
MERGED from [com.android.support:support-compat:25.1.0] AndroidManifest.xml:25:5-20
MERGED from [com.android.support:support-media-compat:25.1.0] AndroidManifest.xml:25:5-20
MERGED from [com.android.support:support-core-utils:25.1.0] AndroidManifest.xml:25:5-20
MERGED from [com.android.support:support-core-ui:25.1.0] AndroidManifest.xml:25:5-20
MERGED from [com.android.support:support-fragment:25.1.0] AndroidManifest.xml:25:5-20
MERGED from [com.android.support:appcompat-v7:25.1.0] AndroidManifest.xml:25:5-20
MERGED from [com.android.support:support-vector-drawable:25.1.0] AndroidManifest.xml:23:5-20
MERGED from [com.android.support:animated-vector-drawable:25.1.0] AndroidManifest.xml:22:5-20
MERGED from [com.android.support:transition:25.1.0] AndroidManifest.xml:22:5-20
MERGED from [com.zhy:mpermission-api:1.0.0] AndroidManifest.xml:11:5-14:19
MERGED from [com.jiechic.library:xUtils:2.6.14] AndroidManifest.xml:11:5-20
MERGED from [com.github.chrisbanes.actionbarpulltorefresh:library:0.9.9] AndroidManifest.xml:3:5-19
MERGED from [com.github.castorflex.smoothprogressbar:library:0.4.0] AndroidManifest.xml:5:5-19
	android:label
		ADDED from src\main\AndroidManifest.xml:60:9-41
	android:supportsRtl
		ADDED from src\main\AndroidManifest.xml:61:9-35
	android:allowBackup
		ADDED from src\main\AndroidManifest.xml:58:9-35
	android:icon
		ADDED from src\main\AndroidManifest.xml:59:9-43
	android:theme
		ADDED from src\main\AndroidManifest.xml:62:9-40
	android:name
		ADDED from src\main\AndroidManifest.xml:57:9-53
meta-data#com.amap.api.v2.apikey
ADDED from src\main\AndroidManifest.xml:63:9-65:63
	android:value
		ADDED from src\main\AndroidManifest.xml:65:13-61
	android:name
		ADDED from src\main\AndroidManifest.xml:64:13-50
activity#com.jinyuankeji.yxm.findhuo.WelcomeActivity
ADDED from src\main\AndroidManifest.xml:67:9-72:20
	android:name
		ADDED from src\main\AndroidManifest.xml:67:19-50
intent-filter#android.intent.action.MAIN+android.intent.category.LAUNCHER
ADDED from src\main\AndroidManifest.xml:68:13-71:29
action#android.intent.action.MAIN
ADDED from src\main\AndroidManifest.xml:69:17-68
	android:name
		ADDED from src\main\AndroidManifest.xml:69:25-66
category#android.intent.category.LAUNCHER
ADDED from src\main\AndroidManifest.xml:70:17-76
	android:name
		ADDED from src\main\AndroidManifest.xml:70:27-74
activity#com.jinyuankeji.yxm.findhuo.lottery.more.MoreActivity
ADDED from src\main\AndroidManifest.xml:74:9-62
	android:name
		ADDED from src\main\AndroidManifest.xml:74:19-60
activity#com.jinyuankeji.yxm.findhuo.lottery.detail.LotteryDetailActivity
ADDED from src\main\AndroidManifest.xml:75:9-76:75
	android:windowSoftInputMode
		ADDED from src\main\AndroidManifest.xml:76:19-73
	android:name
		ADDED from src\main\AndroidManifest.xml:75:19-71
activity#com.jinyuankeji.yxm.findhuo.lottery.detail.PayExtraActivity
ADDED from src\main\AndroidManifest.xml:77:9-68
	android:name
		ADDED from src\main\AndroidManifest.xml:77:19-66
activity#com.jinyuankeji.yxm.findhuo.lottery.detail.PaySureActivity
ADDED from src\main\AndroidManifest.xml:78:9-67
	android:name
		ADDED from src\main\AndroidManifest.xml:78:19-65
activity#com.jinyuankeji.yxm.findhuo.findwork.hot_type.hot_type_detail.hot_type_detail_one.FindWorkHotTypeDetailActivity
ADDED from src\main\AndroidManifest.xml:79:9-120
	android:name
		ADDED from src\main\AndroidManifest.xml:79:19-118
activity#com.jinyuankeji.yxm.findhuo.findwork.declare_new.declare_new_detail.FindWorkNewDetailActivity
ADDED from src\main\AndroidManifest.xml:80:9-102
	android:name
		ADDED from src\main\AndroidManifest.xml:80:19-100
activity#com.jinyuankeji.yxm.findhuo.findwork.hot_type.hot_type_detail.findcar.findcar_one.FindWorkHotTypeTaxiDetailActivity
ADDED from src\main\AndroidManifest.xml:81:9-124
	android:name
		ADDED from src\main\AndroidManifest.xml:81:19-122
activity#com.jinyuankeji.yxm.findhuo.findwork.hot_type.hot_type_detail.findcar.findcar_detail_two.FindWorkHotTypeFindCarDetailActivity
ADDED from src\main\AndroidManifest.xml:82:9-134
	android:name
		ADDED from src\main\AndroidManifest.xml:82:19-132
activity#com.jinyuankeji.yxm.findhuo.findwork.hot_type.hot_type_detail.psychological.FindWorkHotTypePsychologicalDetailActivity
ADDED from src\main\AndroidManifest.xml:83:9-127
	android:name
		ADDED from src\main\AndroidManifest.xml:83:19-125
activity#com.jinyuankeji.yxm.findhuo.findwork.hot_type.hot_type_detail.findcar.findcar_one.SearchFindCarActivity
ADDED from src\main\AndroidManifest.xml:84:9-87:15
	android:windowSoftInputMode
		ADDED from src\main\AndroidManifest.xml:86:13-67
	android:name
		ADDED from src\main\AndroidManifest.xml:85:13-104
activity#com.jinyuankeji.yxm.findhuo.MainActivity
ADDED from src\main\AndroidManifest.xml:88:9-49
	android:name
		ADDED from src\main\AndroidManifest.xml:88:19-47
activity#com.jinyuankeji.yxm.findhuo.declare.FindCarActivity
ADDED from src\main\AndroidManifest.xml:91:9-70
	android:name
		ADDED from src\main\AndroidManifest.xml:91:19-58
activity#com.jinyuankeji.yxm.findhuo.declare.FindWorkActivity
ADDED from src\main\AndroidManifest.xml:92:9-71
	android:name
		ADDED from src\main\AndroidManifest.xml:92:19-59
activity#com.jinyuankeji.yxm.findhuo.declare.WorkingActivity
ADDED from src\main\AndroidManifest.xml:93:9-95:79
	android:windowSoftInputMode
		ADDED from src\main\AndroidManifest.xml:95:13-67
	android:name
		ADDED from src\main\AndroidManifest.xml:94:13-52
activity#com.jinyuankeji.yxm.findhuo.declare.PsychologicalDivisionActivity
ADDED from src\main\AndroidManifest.xml:96:9-98:79
	android:windowSoftInputMode
		ADDED from src\main\AndroidManifest.xml:98:13-67
	android:name
		ADDED from src\main\AndroidManifest.xml:97:13-66
activity#com.jinyuankeji.yxm.findhuo.my.NewsActivity
ADDED from src\main\AndroidManifest.xml:99:9-62
	android:name
		ADDED from src\main\AndroidManifest.xml:99:19-50
activity#com.jinyuankeji.yxm.findhuo.my.SetingActivity
ADDED from src\main\AndroidManifest.xml:100:9-64
	android:name
		ADDED from src\main\AndroidManifest.xml:100:19-52
activity#com.jinyuankeji.yxm.findhuo.my.PersonalActivity
ADDED from src\main\AndroidManifest.xml:101:9-66
	android:name
		ADDED from src\main\AndroidManifest.xml:101:19-54
activity#com.jinyuankeji.yxm.findhuo.my.MoneyActivity
ADDED from src\main\AndroidManifest.xml:102:9-63
	android:name
		ADDED from src\main\AndroidManifest.xml:102:19-51
activity#com.jinyuankeji.yxm.findhuo.my.NewsRecordActivity
ADDED from src\main\AndroidManifest.xml:103:9-68
	android:name
		ADDED from src\main\AndroidManifest.xml:103:19-56
activity#com.jinyuankeji.yxm.findhuo.my.PsychologicalActivity
ADDED from src\main\AndroidManifest.xml:104:9-71
	android:name
		ADDED from src\main\AndroidManifest.xml:104:19-59
activity#com.jinyuankeji.yxm.findhuo.my.ReleaseActivity
ADDED from src\main\AndroidManifest.xml:105:9-65
	android:name
		ADDED from src\main\AndroidManifest.xml:105:19-53
activity#com.jinyuankeji.yxm.findhuo.my.BuyLotteryActivity
ADDED from src\main\AndroidManifest.xml:106:9-68
	android:name
		ADDED from src\main\AndroidManifest.xml:106:19-56
activity#com.jinyuankeji.yxm.findhuo.PasswordActivity
ADDED from src\main\AndroidManifest.xml:107:9-63
	android:name
		ADDED from src\main\AndroidManifest.xml:107:19-51
service#com.amap.api.location.APSService
ADDED from src\main\AndroidManifest.xml:109:9-67
	android:name
		ADDED from src\main\AndroidManifest.xml:109:18-65
activity#com.jinyuankeji.yxm.findhuo.LoginActivity
ADDED from src\main\AndroidManifest.xml:111:9-50
	android:name
		ADDED from src\main\AndroidManifest.xml:111:19-48
meta-data#EASEMOB_APPKEY
ADDED from src\main\AndroidManifest.xml:114:9-116:59
	android:value
		ADDED from src\main\AndroidManifest.xml:116:13-57
	android:name
		ADDED from src\main\AndroidManifest.xml:115:13-42
service#com.hyphenate.chat.EMChatService
ADDED from src\main\AndroidManifest.xml:118:9-120:38
	android:exported
		ADDED from src\main\AndroidManifest.xml:120:13-36
	android:name
		ADDED from src\main\AndroidManifest.xml:119:13-60
receiver#com.hyphenate.chat.EMMonitorReceiver
ADDED from src\main\AndroidManifest.xml:122:9-133:20
	android:name
		ADDED from src\main\AndroidManifest.xml:122:19-70
intent-filter#android.intent.action.PACKAGE_REMOVED
ADDED from src\main\AndroidManifest.xml:123:13-127:29
action#android.intent.action.PACKAGE_REMOVED
ADDED from src\main\AndroidManifest.xml:124:17-79
	android:name
		ADDED from src\main\AndroidManifest.xml:124:25-77
data
ADDED from src\main\AndroidManifest.xml:126:17-49
	android:scheme
		ADDED from src\main\AndroidManifest.xml:126:23-47
intent-filter#android.intent.action.BOOT_COMPLETED+android.intent.action.USER_PRESENT
ADDED from src\main\AndroidManifest.xml:129:13-132:29
action#android.intent.action.BOOT_COMPLETED
ADDED from src\main\AndroidManifest.xml:130:17-78
	android:name
		ADDED from src\main\AndroidManifest.xml:130:25-76
action#android.intent.action.USER_PRESENT
ADDED from src\main\AndroidManifest.xml:131:17-76
	android:name
		ADDED from src\main\AndroidManifest.xml:131:25-74
service#com.baidu.location.f
ADDED from src\main\AndroidManifest.xml:135:9-138:40
	android:enabled
		ADDED from src\main\AndroidManifest.xml:137:13-35
	android:process
		ADDED from src\main\AndroidManifest.xml:138:13-38
	android:name
		ADDED from src\main\AndroidManifest.xml:136:13-48
meta-data#com.baidu.lbsapi.API_KEY
ADDED from src\main\AndroidManifest.xml:140:9-142:55
	android:value
		ADDED from src\main\AndroidManifest.xml:142:13-53
	android:name
		ADDED from src\main\AndroidManifest.xml:141:13-52
activity#com.jinyuankeji.yxm.findhuo.lottery.ui.MainCActivity
ADDED from src\main\AndroidManifest.xml:145:9-147:69
	android:windowSoftInputMode
		ADDED from src\main\AndroidManifest.xml:147:13-67
	android:name
		ADDED from src\main\AndroidManifest.xml:146:13-53
activity#com.jinyuankeji.yxm.findhuo.lottery.ui.ChatActivity
ADDED from src\main\AndroidManifest.xml:148:9-154:15
	android:screenOrientation
		ADDED from src\main\AndroidManifest.xml:152:13-49
	android:launchMode
		ADDED from src\main\AndroidManifest.xml:151:13-44
	android:windowSoftInputMode
		ADDED from src\main\AndroidManifest.xml:153:13-52
	android:configChanges
		ADDED from src\main\AndroidManifest.xml:150:13-68
	android:name
		ADDED from src\main\AndroidManifest.xml:149:13-52
activity#com.hyphenate.easeui.ui.EaseBaiduMapActivity
ADDED from src\main\AndroidManifest.xml:156:9-159:54
	android:screenOrientation
		ADDED from src\main\AndroidManifest.xml:158:13-49
	android:theme
		ADDED from src\main\AndroidManifest.xml:159:13-52
	android:name
		ADDED from src\main\AndroidManifest.xml:157:13-72
activity#com.hyphenate.easeui.ui.EaseShowBigImageActivity
ADDED from src\main\AndroidManifest.xml:160:9-163:54
	android:screenOrientation
		ADDED from src\main\AndroidManifest.xml:162:13-49
	android:theme
		ADDED from src\main\AndroidManifest.xml:163:13-52
	android:name
		ADDED from src\main\AndroidManifest.xml:161:13-76
activity#com.hyphenate.easeui.ui.EaseShowNormalFileActivity
ADDED from src\main\AndroidManifest.xml:164:9-167:54
	android:screenOrientation
		ADDED from src\main\AndroidManifest.xml:166:13-49
	android:theme
		ADDED from src\main\AndroidManifest.xml:167:13-52
	android:name
		ADDED from src\main\AndroidManifest.xml:165:13-78
activity#com.hyphenate.easeui.ui.EaseShowVideoActivity
ADDED from src\main\AndroidManifest.xml:168:9-171:54
	android:screenOrientation
		ADDED from src\main\AndroidManifest.xml:170:13-49
	android:theme
		ADDED from src\main\AndroidManifest.xml:171:13-52
	android:name
		ADDED from src\main\AndroidManifest.xml:169:13-73
activity#com.jinyuankeji.yxm.findhuo.RegistActivity
ADDED from src\main\AndroidManifest.xml:173:9-51
	android:name
		ADDED from src\main\AndroidManifest.xml:173:19-49
uses-sdk
INJECTED from src\main\AndroidManifest.xml reason: use-sdk injection requested
MERGED from [com.android.support:design:25.1.0] AndroidManifest.xml:21:5-23:62
MERGED from [com.android.support:support-v4:25.1.0] AndroidManifest.xml:21:5-23:54
MERGED from [com.android.support:support-compat:25.1.0] AndroidManifest.xml:21:5-23:58
MERGED from [com.android.support:support-media-compat:25.1.0] AndroidManifest.xml:21:5-23:63
MERGED from [com.android.support:support-core-utils:25.1.0] AndroidManifest.xml:21:5-23:61
MERGED from [com.android.support:support-core-ui:25.1.0] AndroidManifest.xml:21:5-23:58
MERGED from [com.android.support:support-fragment:25.1.0] AndroidManifest.xml:21:5-23:60
MERGED from [com.android.support:appcompat-v7:25.1.0] AndroidManifest.xml:21:5-23:78
MERGED from [com.android.support:support-vector-drawable:25.1.0] AndroidManifest.xml:21:5-43
MERGED from [com.android.support:animated-vector-drawable:25.1.0] AndroidManifest.xml:20:5-44
MERGED from [com.android.support:recyclerview-v7:25.1.0] AndroidManifest.xml:20:5-43
MERGED from [com.android.support:transition:25.1.0] AndroidManifest.xml:20:5-44
MERGED from [FindHuo:easeUI:unspecified] AndroidManifest.xml:7:5-9:41
MERGED from [com.zhy:mpermission-api:1.0.0] AndroidManifest.xml:7:5-9:41
MERGED from [com.jiechic.library:xUtils:2.6.14] AndroidManifest.xml:7:5-9:41
MERGED from [com.github.chrisbanes.actionbarpulltorefresh:library:0.9.9] AndroidManifest.xml:2:5-72
MERGED from [com.github.castorflex.smoothprogressbar:library:0.4.0] AndroidManifest.xml:3:5-72
	tools:overrideLibrary
		ADDED from [com.android.support:design:25.1.0] AndroidManifest.xml:23:9-59
	android:targetSdkVersion
		INJECTED from src\main\AndroidManifest.xml
		INJECTED from src\main\AndroidManifest.xml
	android:minSdkVersion
		INJECTED from src\main\AndroidManifest.xml
		INJECTED from src\main\AndroidManifest.xml